<?xml version="1.0" encoding="UTF-8"?>
<!-- Generated by org.testng.reporters.JUnitReportReporter -->
<testsuite skipped="0" hostname="DESKTOP-1L89BHP" name="com.at.ecom.shopping.runners.RunCucumberTestRegressionLocal" tests="1" failures="0" timestamp="18 Apr 2021 12:23:42 GMT" time="139.720" errors="0">
  <testcase name="Regression Tests - feature - " time="139.720" classname="com.at.ecom.shopping.runners.RunCucumberTestRegressionLocal"/>
</testsuite> <!-- com.at.ecom.shopping.runners.RunCucumberTestRegressionLocal -->
